23:57:48.907 [main] DEBUG org.apache.poi.openxml4j.opc.PackageRelationshipCollection - Parsing relationship: /xl/worksheets/_rels/sheet1.xml.rels
23:57:48.915 [main] DEBUG org.apache.poi.openxml4j.opc.PackageRelationshipCollection - Parsing relationship: /_rels/.rels
23:57:48.945 [main] DEBUG org.apache.poi.openxml4j.opc.PackageRelationshipCollection - Parsing relationship: /xl/_rels/workbook.xml.rels
23:57:48.946 [main] DEBUG org.apache.poi.openxml4j.opc.PackageRelationshipCollection - Parsing relationship: /xl/worksheets/_rels/sheet1.xml.rels
23:57:48.947 [main] DEBUG org.apache.poi.openxml4j.opc.PackageRelationshipCollection - Parsing relationship: /_rels/.rels
23:57:48.976 [main] DEBUG org.apache.poi.openxml4j.opc.PackageRelationshipCollection - Parsing relationship: /xl/_rels/workbook.xml.rels
23:57:49.030 [main] DEBUG org.apache.poi.openxml4j.opc.PackageRelationshipCollection - Parsing relationship: /xl/worksheets/_rels/sheet1.xml.rels
23:57:49.031 [main] DEBUG org.apache.poi.openxml4j.opc.PackageRelationshipCollection - Parsing relationship: /_rels/.rels
23:57:49.064 [main] DEBUG org.apache.poi.openxml4j.opc.PackageRelationshipCollection - Parsing relationship: /xl/_rels/workbook.xml.rels
23:57:49.065 [main] DEBUG org.apache.poi.openxml4j.opc.PackageRelationshipCollection - Parsing relationship: /xl/worksheets/_rels/sheet1.xml.rels
23:57:49.067 [main] DEBUG org.apache.poi.openxml4j.opc.PackageRelationshipCollection - Parsing relationship: /_rels/.rels
23:57:49.098 [main] DEBUG org.apache.poi.openxml4j.opc.PackageRelationshipCollection - Parsing relationship: /xl/_rels/workbook.xml.rels
23:57:49.099 [main] DEBUG org.apache.poi.openxml4j.opc.PackageRelationshipCollection - Parsing relationship: /xl/worksheets/_rels/sheet1.xml.rels
23:57:49.101 [main] DEBUG org.apache.poi.openxml4j.opc.PackageRelationshipCollection - Parsing relationship: /_rels/.rels
23:57:49.130 [main] DEBUG org.apache.poi.openxml4j.opc.PackageRelationshipCollection - Parsing relationship: /xl/_rels/workbook.xml.rels
23:57:49.131 [main] DEBUG org.apache.poi.openxml4j.opc.PackageRelationshipCollection - Parsing relationship: /xl/worksheets/_rels/sheet1.xml.rels
23:57:49.132 [main] DEBUG org.apache.poi.openxml4j.opc.PackageRelationshipCollection - Parsing relationship: /_rels/.rels
23:57:49.172 [main] DEBUG org.apache.poi.openxml4j.opc.PackageRelationshipCollection - Parsing relationship: /xl/_rels/workbook.xml.rels
23:57:49.174 [main] DEBUG org.apache.poi.openxml4j.opc.PackageRelationshipCollection - Parsing relationship: /xl/worksheets/_rels/sheet1.xml.rels
23:57:49.175 [main] DEBUG org.apache.poi.openxml4j.opc.PackageRelationshipCollection - Parsing relationship: /_rels/.rels
23:57:49.222 [main] INFO  testCases.Test03_LoginDataProvider - *****Test02_LoginPage Started******
23:57:49.224 [main] INFO  testCases.Test03_LoginDataProvider - ***Home page oepend***
23:57:49.356 [main] INFO  testCases.Test03_LoginDataProvider - ***Successfully Clicked on My Account***
23:57:49.974 [main] INFO  testCases.Test03_LoginDataProvider - ***Successfully clicked on Login***
23:57:49.975 [main] INFO  testCases.Test03_LoginDataProvider - ***Login page oepened***
23:57:50.164 [main] INFO  testCases.Test03_LoginDataProvider - ***Successfully entered email***
23:57:50.288 [main] INFO  testCases.Test03_LoginDataProvider - ***Successfully entered password***
23:57:50.371 [main] INFO  testCases.Test03_LoginDataProvider - ***Successfully clicked on login button***
23:57:55.381 [main] INFO  testCases.Test03_LoginDataProvider - ***My Account Page opened***
23:57:59.200 [main] INFO  testCases.Test03_LoginDataProvider - *****Test02_LoginPage Started******
23:57:59.200 [main] INFO  testCases.Test03_LoginDataProvider - ***Home page oepend***
23:57:59.289 [main] INFO  testCases.Test03_LoginDataProvider - ***Successfully Clicked on My Account***
23:57:59.806 [main] INFO  testCases.Test03_LoginDataProvider - ***Successfully clicked on Login***
23:57:59.806 [main] INFO  testCases.Test03_LoginDataProvider - ***Login page oepened***
23:57:59.959 [main] INFO  testCases.Test03_LoginDataProvider - ***Successfully entered email***
23:58:00.099 [main] INFO  testCases.Test03_LoginDataProvider - ***Successfully entered password***
23:58:00.196 [main] INFO  testCases.Test03_LoginDataProvider - ***Successfully clicked on login button***
23:58:05.205 [main] INFO  testCases.Test03_LoginDataProvider - ***My Account Page opened***
23:58:08.872 [main] INFO  testCases.Test03_LoginDataProvider - *****Test02_LoginPage Started******
23:58:08.872 [main] INFO  testCases.Test03_LoginDataProvider - ***Home page oepend***
23:58:08.974 [main] INFO  testCases.Test03_LoginDataProvider - ***Successfully Clicked on My Account***
23:58:09.493 [main] INFO  testCases.Test03_LoginDataProvider - ***Successfully clicked on Login***
23:58:09.494 [main] INFO  testCases.Test03_LoginDataProvider - ***Login page oepened***
23:58:09.634 [main] INFO  testCases.Test03_LoginDataProvider - ***Successfully entered email***
