11:48:43.986 [main] DEBUG org.apache.poi.openxml4j.opc.PackageRelationshipCollection - Parsing relationship: /xl/_rels/workbook.xml.rels
11:48:43.992 [main] DEBUG org.apache.poi.openxml4j.opc.PackageRelationshipCollection - Parsing relationship: /xl/worksheets/_rels/sheet1.xml.rels
11:48:43.993 [main] DEBUG org.apache.poi.openxml4j.opc.PackageRelationshipCollection - Parsing relationship: /_rels/.rels
11:48:44.011 [main] DEBUG org.apache.poi.openxml4j.opc.PackageRelationshipCollection - Parsing relationship: /xl/_rels/workbook.xml.rels
11:48:44.012 [main] DEBUG org.apache.poi.openxml4j.opc.PackageRelationshipCollection - Parsing relationship: /xl/worksheets/_rels/sheet1.xml.rels
11:48:44.013 [main] DEBUG org.apache.poi.openxml4j.opc.PackageRelationshipCollection - Parsing relationship: /_rels/.rels
11:48:44.036 [main] DEBUG org.apache.poi.openxml4j.opc.PackageRelationshipCollection - Parsing relationship: /xl/_rels/workbook.xml.rels
11:48:44.037 [main] DEBUG org.apache.poi.openxml4j.opc.PackageRelationshipCollection - Parsing relationship: /xl/worksheets/_rels/sheet1.xml.rels
11:48:44.037 [main] DEBUG org.apache.poi.openxml4j.opc.PackageRelationshipCollection - Parsing relationship: /_rels/.rels
11:48:44.056 [main] DEBUG org.apache.poi.openxml4j.opc.PackageRelationshipCollection - Parsing relationship: /xl/_rels/workbook.xml.rels
11:48:44.057 [main] DEBUG org.apache.poi.openxml4j.opc.PackageRelationshipCollection - Parsing relationship: /xl/worksheets/_rels/sheet1.xml.rels
11:48:44.058 [main] DEBUG org.apache.poi.openxml4j.opc.PackageRelationshipCollection - Parsing relationship: /_rels/.rels
11:48:44.077 [main] DEBUG org.apache.poi.openxml4j.opc.PackageRelationshipCollection - Parsing relationship: /xl/_rels/workbook.xml.rels
11:48:44.077 [main] DEBUG org.apache.poi.openxml4j.opc.PackageRelationshipCollection - Parsing relationship: /xl/worksheets/_rels/sheet1.xml.rels
11:48:44.078 [main] DEBUG org.apache.poi.openxml4j.opc.PackageRelationshipCollection - Parsing relationship: /_rels/.rels
11:48:44.096 [main] DEBUG org.apache.poi.openxml4j.opc.PackageRelationshipCollection - Parsing relationship: /xl/_rels/workbook.xml.rels
11:48:44.096 [main] DEBUG org.apache.poi.openxml4j.opc.PackageRelationshipCollection - Parsing relationship: /xl/worksheets/_rels/sheet1.xml.rels
11:48:44.097 [main] DEBUG org.apache.poi.openxml4j.opc.PackageRelationshipCollection - Parsing relationship: /_rels/.rels
11:48:44.116 [main] DEBUG org.apache.poi.openxml4j.opc.PackageRelationshipCollection - Parsing relationship: /xl/_rels/workbook.xml.rels
11:48:44.117 [main] DEBUG org.apache.poi.openxml4j.opc.PackageRelationshipCollection - Parsing relationship: /xl/worksheets/_rels/sheet1.xml.rels
11:48:44.118 [main] DEBUG org.apache.poi.openxml4j.opc.PackageRelationshipCollection - Parsing relationship: /_rels/.rels
11:48:44.145 [main] DEBUG org.apache.poi.openxml4j.opc.PackageRelationshipCollection - Parsing relationship: /xl/_rels/workbook.xml.rels
11:48:44.146 [main] DEBUG org.apache.poi.openxml4j.opc.PackageRelationshipCollection - Parsing relationship: /xl/worksheets/_rels/sheet1.xml.rels
11:48:44.147 [main] DEBUG org.apache.poi.openxml4j.opc.PackageRelationshipCollection - Parsing relationship: /_rels/.rels
11:48:44.176 [main] INFO  testCases.Test03_LoginDataProvider - *****Test02_LoginPage Started******
11:48:44.177 [main] INFO  testCases.Test03_LoginDataProvider - ***Home page oepend***
11:48:44.255 [main] INFO  testCases.Test03_LoginDataProvider - ***Successfully Clicked on My Account***
11:48:44.716 [main] INFO  testCases.Test03_LoginDataProvider - ***Successfully clicked on Login***
11:48:44.716 [main] INFO  testCases.Test03_LoginDataProvider - ***Login page oepened***
11:48:44.862 [main] INFO  testCases.Test03_LoginDataProvider - ***Successfully entered email***
11:48:44.965 [main] INFO  testCases.Test03_LoginDataProvider - ***Successfully entered password***
11:48:45.039 [main] INFO  testCases.Test03_LoginDataProvider - ***Successfully clicked on login button***
11:48:45.039 [main] INFO  testCases.Test03_LoginDataProvider - ***My Account Page opened***
11:48:48.898 [main] INFO  testCases.Test03_LoginDataProvider - *****Test02_LoginPage Started******
11:48:48.899 [main] INFO  testCases.Test03_LoginDataProvider - ***Home page oepend***
11:48:48.957 [main] INFO  testCases.Test03_LoginDataProvider - ***Successfully Clicked on My Account***
11:48:49.249 [main] INFO  testCases.Test03_LoginDataProvider - ***Successfully clicked on Login***
11:48:49.250 [main] INFO  testCases.Test03_LoginDataProvider - ***Login page oepened***
11:48:49.348 [main] INFO  testCases.Test03_LoginDataProvider - ***Successfully entered email***
11:48:49.414 [main] INFO  testCases.Test03_LoginDataProvider - ***Successfully entered password***
11:48:49.479 [main] INFO  testCases.Test03_LoginDataProvider - ***Successfully clicked on login button***
11:48:49.479 [main] INFO  testCases.Test03_LoginDataProvider - ***My Account Page opened***
